{"level":"info","message":"Server running on http://localhost:7000"}
{"level":"info","message":"Server running on http://localhost:7000"}
{"level":"info","message":"Server running on http://localhost:7000"}
{"level":"info","message":"Server running on http://localhost:7000"}
{"level":"info","message":"Server running on http://localhost:7000"}
{"level":"info","message":"Server running on http://localhost:7000"}
{"level":"error","message":"Error: ENOENT: no such file or directory, stat 'E:\\MSSP\\frontend\\build\\index.html'"}
{"level":"info","message":"Server running on http://localhost:7000"}
{"level":"error","message":"Error: ENOENT: no such file or directory, stat 'E:\\MSSP\\frontend\\build\\index.html'"}
{"level":"error","message":"Error: ENOENT: no such file or directory, stat 'E:\\MSSP\\frontend\\build\\index.html'"}
{"level":"error","message":"Error: ENOENT: no such file or directory, stat 'E:\\MSSP\\frontend\\build\\index.html'"}
{"level":"error","message":"Error: ENOENT: no such file or directory, stat 'E:\\MSSP\\frontend\\build\\index.html'"}
{"level":"error","message":"Error: ENOENT: no such file or directory, stat 'E:\\MSSP\\frontend\\build\\index.html'"}
{"level":"info","message":"Server running on http://localhost:7000"}
{"level":"error","message":"Error: ENOENT: no such file or directory, stat 'E:\\MSSP\\frontend\\build\\index.html'"}
{"level":"error","message":"Error: ENOENT: no such file or directory, stat 'E:\\MSSP\\frontend\\build\\index.html'"}
{"level":"error","message":"Error: ENOENT: no such file or directory, stat 'E:\\MSSP\\frontend\\build\\index.html'"}
{"level":"error","message":"Error: ENOENT: no such file or directory, stat 'E:\\MSSP\\frontend\\build\\index.html'"}
{"level":"info","message":"Server running on http://localhost:7000"}
{"level":"error","message":"Error: ENOENT: no such file or directory, stat 'E:\\MSSP\\frontend\\build\\index.html'"}
{"level":"info","message":"Server running on http://localhost:7000"}
{"level":"error","message":"Error: ENOENT: no such file or directory, stat 'E:\\MSSP\\frontend\\build\\index.html'"}
{"level":"error","message":"Error: ENOENT: no such file or directory, stat 'E:\\MSSP\\frontend\\build\\index.html'"}
{"level":"error","message":"Error: ENOENT: no such file or directory, stat 'E:\\MSSP\\frontend\\build\\index.html'"}
{"level":"error","message":"Error: ENOENT: no such file or directory, stat 'E:\\MSSP\\frontend\\build\\index.html'"}
{"level":"error","message":"Error: ENOENT: no such file or directory, stat 'E:\\MSSP\\frontend\\build\\index.html'"}
{"level":"info","message":"Server running on http://localhost:7000"}
{"level":"error","message":"Error: ENOENT: no such file or directory, stat 'E:\\MSSP\\frontend\\build\\index.html'"}
{"level":"info","message":"Server running on http://localhost:7000"}
{"level":"error","message":"Error: ENOENT: no such file or directory, stat 'E:\\MSSP\\frontend\\build\\index.html'"}
{"level":"info","message":"Server running on http://localhost:7000"}
{"level":"error","message":"Error: ENOENT: no such file or directory, stat 'E:\\MSSP\\frontend\\build\\index.html'"}
{"level":"info","message":"Server running on http://localhost:7000"}
{"level":"error","message":"Error: ENOENT: no such file or directory, stat 'E:\\MSSP\\frontend\\build\\index.html'"}
{"level":"error","message":"Error: ENOENT: no such file or directory, stat 'E:\\MSSP\\frontend\\build\\index.html'"}
{"level":"error","message":"Error: ENOENT: no such file or directory, stat 'E:\\MSSP\\frontend\\build\\index.html'"}
{"level":"info","message":"Server running on http://localhost:7000"}
{"level":"error","message":"Error: ENOENT: no such file or directory, stat 'E:\\MSSP\\frontend\\build\\index.html'"}
{"level":"info","message":"Server running on http://localhost:7000"}
{"level":"error","message":"Error: ENOENT: no such file or directory, stat 'E:\\MSSP\\frontend\\build\\index.html'"}
{"level":"error","message":"Error: ENOENT: no such file or directory, stat 'E:\\MSSP\\frontend\\build\\index.html'"}
{"level":"error","message":"Error: ENOENT: no such file or directory, stat 'E:\\MSSP\\frontend\\build\\index.html'"}
{"level":"error","message":"Error: ENOENT: no such file or directory, stat 'E:\\MSSP\\frontend\\build\\index.html'"}
{"level":"error","message":"Error: ENOENT: no such file or directory, stat 'E:\\MSSP\\frontend\\build\\index.html'"}
{"level":"info","message":"Server running on http://localhost:7000"}
{"level":"error","message":"Error: ENOENT: no such file or directory, stat 'E:\\MSSP\\frontend\\build\\index.html'"}
{"level":"error","message":"Error: ENOENT: no such file or directory, stat 'E:\\MSSP\\frontend\\build\\index.html'"}
{"level":"error","message":"Error: ENOENT: no such file or directory, stat 'E:\\MSSP\\frontend\\build\\index.html'"}
{"level":"info","message":"Server running on http://localhost:7000"}
{"level":"error","message":"Error: ENOENT: no such file or directory, stat 'E:\\MSSP\\frontend\\build\\index.html'"}
{"level":"error","message":"Error: ENOENT: no such file or directory, stat 'E:\\MSSP\\frontend\\build\\index.html'"}
{"level":"error","message":"Error: ENOENT: no such file or directory, stat 'E:\\MSSP\\frontend\\build\\index.html'"}
{"level":"error","message":"Error: ENOENT: no such file or directory, stat 'E:\\MSSP\\frontend\\build\\index.html'"}
{"level":"error","message":"Error: ENOENT: no such file or directory, stat 'E:\\MSSP\\frontend\\build\\index.html'"}
{"level":"error","message":"Error: ENOENT: no such file or directory, stat 'E:\\MSSP\\frontend\\build\\index.html'"}
{"level":"error","message":"Error: ENOENT: no such file or directory, stat 'E:\\MSSP\\frontend\\build\\index.html'"}
{"level":"error","message":"Error: ENOENT: no such file or directory, stat 'E:\\MSSP\\frontend\\build\\index.html'"}
{"level":"info","message":"Server running on http://localhost:7000"}
{"level":"error","message":"Error: ENOENT: no such file or directory, stat 'E:\\MSSP\\frontend\\build\\index.html'"}
{"level":"error","message":"Error: ENOENT: no such file or directory, stat 'E:\\MSSP\\frontend\\build\\index.html'"}
{"level":"error","message":"Error: ENOENT: no such file or directory, stat 'E:\\MSSP\\frontend\\build\\index.html'"}
{"level":"error","message":"Error: ENOENT: no such file or directory, stat 'E:\\MSSP\\frontend\\build\\index.html'"}
{"level":"error","message":"Error: ENOENT: no such file or directory, stat 'E:\\MSSP\\frontend\\build\\index.html'"}
{"level":"error","message":"Error: ENOENT: no such file or directory, stat 'E:\\MSSP\\frontend\\build\\index.html'"}
{"level":"error","message":"Error: ENOENT: no such file or directory, stat 'E:\\MSSP\\frontend\\build\\index.html'"}
{"level":"info","message":"Server running on http://localhost:7000"}
{"level":"error","message":"Error: ENOENT: no such file or directory, stat 'E:\\MSSP\\frontend\\build\\index.html'"}
{"level":"info","message":"Server running on http://localhost:7000"}
{"level":"error","message":"Error: ENOENT: no such file or directory, stat 'E:\\MSSP\\frontend\\build\\index.html'"}
{"level":"error","message":"Error: ENOENT: no such file or directory, stat 'E:\\MSSP\\frontend\\build\\index.html'"}
{"level":"error","message":"Error: ENOENT: no such file or directory, stat 'E:\\MSSP\\frontend\\build\\index.html'"}
{"level":"error","message":"Error: ENOENT: no such file or directory, stat 'E:\\MSSP\\frontend\\build\\index.html'"}
{"level":"error","message":"Error: ENOENT: no such file or directory, stat 'E:\\MSSP\\frontend\\build\\index.html'"}
{"level":"error","message":"Error: ENOENT: no such file or directory, stat 'E:\\MSSP\\frontend\\build\\index.html'"}
{"level":"error","message":"Error: ENOENT: no such file or directory, stat 'E:\\MSSP\\frontend\\build\\index.html'"}
{"level":"error","message":"Error: ENOENT: no such file or directory, stat 'E:\\MSSP\\frontend\\build\\index.html'"}
{"level":"error","message":"Error: ENOENT: no such file or directory, stat 'E:\\MSSP\\frontend\\build\\index.html'"}
{"level":"error","message":"Error: ENOENT: no such file or directory, stat 'E:\\MSSP\\frontend\\build\\index.html'"}
{"level":"error","message":"Error: ENOENT: no such file or directory, stat 'E:\\MSSP\\frontend\\build\\index.html'"}
{"level":"info","message":"Server running on http://localhost:7000"}
{"level":"error","message":"Error: ENOENT: no such file or directory, stat 'E:\\MSSP\\frontend\\build\\index.html'"}
{"level":"error","message":"Error: ENOENT: no such file or directory, stat 'E:\\MSSP\\frontend\\build\\index.html'"}
{"level":"error","message":"Error: ENOENT: no such file or directory, stat 'E:\\MSSP\\frontend\\build\\index.html'"}
{"level":"info","message":"Server running on http://localhost:7000"}
{"level":"error","message":"Error: ENOENT: no such file or directory, stat 'E:\\MSSP\\frontend\\build\\index.html'"}
{"level":"error","message":"Error: ENOENT: no such file or directory, stat 'E:\\MSSP\\frontend\\build\\index.html'"}
{"level":"error","message":"Error: ENOENT: no such file or directory, stat 'E:\\MSSP\\frontend\\build\\index.html'"}
{"level":"info","message":"Server running on http://localhost:7000"}
{"level":"error","message":"Error: ENOENT: no such file or directory, stat 'E:\\MSSP\\frontend\\build\\index.html'"}
{"level":"error","message":"Error: ENOENT: no such file or directory, stat 'E:\\MSSP\\frontend\\build\\index.html'"}
{"level":"error","message":"Error: ENOENT: no such file or directory, stat 'E:\\MSSP\\frontend\\build\\index.html'"}
{"level":"info","message":"Server running on http://localhost:7000"}
{"level":"error","message":"Error: ENOENT: no such file or directory, stat 'E:\\MSSP\\frontend\\build\\index.html'"}
{"level":"error","message":"Error: ENOENT: no such file or directory, stat 'E:\\MSSP\\frontend\\build\\index.html'"}
{"level":"info","message":"Server running on http://localhost:7000"}
{"level":"error","message":"Error: ENOENT: no such file or directory, stat 'E:\\MSSP\\frontend\\build\\index.html'"}
{"level":"error","message":"Error: ENOENT: no such file or directory, stat 'E:\\MSSP\\frontend\\build\\index.html'"}
{"level":"error","message":"Error: ENOENT: no such file or directory, stat 'E:\\MSSP\\frontend\\build\\index.html'"}
{"level":"info","message":"Server running on http://localhost:7000"}
{"level":"error","message":"Error: ENOENT: no such file or directory, stat 'E:\\MSSP\\frontend\\build\\index.html'"}
{"level":"error","message":"Error: ENOENT: no such file or directory, stat 'E:\\MSSP\\frontend\\build\\index.html'"}
{"level":"error","message":"Error: ENOENT: no such file or directory, stat 'E:\\MSSP\\frontend\\build\\index.html'"}
{"level":"error","message":"Error: ENOENT: no such file or directory, stat 'E:\\MSSP\\frontend\\build\\index.html'"}
{"level":"info","message":"Server running on http://localhost:7000"}
{"level":"error","message":"Error: ENOENT: no such file or directory, stat 'E:\\MSSP\\frontend\\build\\index.html'"}
{"level":"error","message":"Error: ENOENT: no such file or directory, stat 'E:\\MSSP\\frontend\\build\\index.html'"}
{"level":"error","message":"Error: ENOENT: no such file or directory, stat 'E:\\MSSP\\frontend\\build\\index.html'"}
{"level":"info","message":"Server running on http://localhost:7000"}
{"level":"error","message":"Error: ENOENT: no such file or directory, stat 'E:\\MSSP\\frontend\\build\\index.html'"}
{"level":"info","message":"Server running on http://localhost:7000"}
{"level":"error","message":"Error: ENOENT: no such file or directory, stat 'E:\\MSSP\\frontend\\build\\index.html'"}
{"level":"error","message":"Error: ENOENT: no such file or directory, stat 'E:\\MSSP\\frontend\\build\\index.html'"}
{"level":"error","message":"Error: ENOENT: no such file or directory, stat 'E:\\MSSP\\frontend\\build\\index.html'"}
{"level":"error","message":"Error: ENOENT: no such file or directory, stat 'E:\\MSSP\\frontend\\build\\index.html'"}
{"level":"error","message":"Error: ENOENT: no such file or directory, stat 'E:\\MSSP\\frontend\\build\\index.html'"}
{"level":"error","message":"Error: ENOENT: no such file or directory, stat 'E:\\MSSP\\frontend\\build\\index.html'"}
{"level":"error","message":"Error: ENOENT: no such file or directory, stat 'E:\\MSSP\\frontend\\build\\index.html'"}
{"level":"error","message":"Error: ENOENT: no such file or directory, stat 'E:\\MSSP\\frontend\\build\\index.html'"}
{"level":"error","message":"Error: ENOENT: no such file or directory, stat 'E:\\MSSP\\frontend\\build\\index.html'"}
{"level":"error","message":"Error: ENOENT: no such file or directory, stat 'E:\\MSSP\\frontend\\build\\index.html'"}
{"level":"error","message":"Error: ENOENT: no such file or directory, stat 'E:\\MSSP\\frontend\\build\\index.html'"}
{"level":"error","message":"Error: ENOENT: no such file or directory, stat 'E:\\MSSP\\frontend\\build\\index.html'"}
{"level":"error","message":"Error: ENOENT: no such file or directory, stat 'E:\\MSSP\\frontend\\build\\index.html'"}
{"level":"error","message":"Error: ENOENT: no such file or directory, stat 'E:\\MSSP\\frontend\\build\\index.html'"}
{"level":"error","message":"Error: ENOENT: no such file or directory, stat 'E:\\MSSP\\frontend\\build\\index.html'"}
{"level":"error","message":"Error: ENOENT: no such file or directory, stat 'E:\\MSSP\\frontend\\build\\index.html'"}
{"level":"error","message":"Error: ENOENT: no such file or directory, stat 'E:\\MSSP\\frontend\\build\\index.html'"}
{"level":"error","message":"Error: ENOENT: no such file or directory, stat 'E:\\MSSP\\frontend\\build\\index.html'"}
{"level":"error","message":"Error: ENOENT: no such file or directory, stat 'E:\\MSSP\\frontend\\build\\index.html'"}
{"level":"error","message":"Error: ENOENT: no such file or directory, stat 'E:\\MSSP\\frontend\\build\\index.html'"}
{"level":"info","message":"Server running on http://localhost:7000"}
{"level":"error","message":"Error: ENOENT: no such file or directory, stat 'E:\\MSSP\\frontend\\build\\index.html'"}
{"level":"error","message":"Error: ENOENT: no such file or directory, stat 'E:\\MSSP\\frontend\\build\\index.html'"}
{"level":"info","message":"Server running on http://localhost:7000"}
{"level":"error","message":"Error: ENOENT: no such file or directory, stat 'E:\\MSSP\\frontend\\build\\index.html'"}
{"level":"error","message":"Error: ENOENT: no such file or directory, stat 'E:\\MSSP\\frontend\\build\\index.html'"}
{"level":"error","message":"Error: ENOENT: no such file or directory, stat 'E:\\MSSP\\frontend\\build\\index.html'"}
{"level":"error","message":"Error: ENOENT: no such file or directory, stat 'E:\\MSSP\\frontend\\build\\index.html'"}
{"level":"error","message":"Error: ENOENT: no such file or directory, stat 'E:\\MSSP\\frontend\\build\\index.html'"}
{"level":"error","message":"Error: ENOENT: no such file or directory, stat 'E:\\MSSP\\frontend\\build\\index.html'"}
{"level":"error","message":"Error: ENOENT: no such file or directory, stat 'E:\\MSSP\\frontend\\build\\index.html'"}
{"level":"error","message":"Error: ENOENT: no such file or directory, stat 'E:\\MSSP\\frontend\\build\\index.html'"}
{"level":"error","message":"Error: ENOENT: no such file or directory, stat 'E:\\MSSP\\frontend\\build\\index.html'"}
{"level":"error","message":"Error: ENOENT: no such file or directory, stat 'E:\\MSSP\\frontend\\build\\index.html'"}
{"level":"error","message":"Error: ENOENT: no such file or directory, stat 'E:\\MSSP\\frontend\\build\\index.html'"}
{"level":"error","message":"Error: ENOENT: no such file or directory, stat 'E:\\MSSP\\frontend\\build\\index.html'"}
{"level":"error","message":"Error: ENOENT: no such file or directory, stat 'E:\\MSSP\\frontend\\build\\index.html'"}
{"level":"info","message":"Server running on http://localhost:7000"}
{"level":"error","message":"Error: ENOENT: no such file or directory, stat 'E:\\MSSP\\frontend\\build\\index.html'"}
{"level":"error","message":"Error: ENOENT: no such file or directory, stat 'E:\\MSSP\\frontend\\build\\index.html'"}
{"level":"error","message":"Error: ENOENT: no such file or directory, stat 'E:\\MSSP\\frontend\\build\\index.html'"}
{"level":"info","message":"Server running on http://localhost:7000"}
{"level":"error","message":"Error: ENOENT: no such file or directory, stat 'E:\\MSSP\\frontend\\build\\index.html'"}
{"level":"error","message":"Error: ENOENT: no such file or directory, stat 'E:\\MSSP\\frontend\\build\\index.html'"}
{"level":"error","message":"Error: ENOENT: no such file or directory, stat 'E:\\MSSP\\frontend\\build\\index.html'"}
{"level":"info","message":"Server running on http://localhost:7000"}
{"level":"error","message":"Error: ENOENT: no such file or directory, stat 'E:\\MSSP\\frontend\\build\\index.html'"}
{"level":"error","message":"Error: ENOENT: no such file or directory, stat 'E:\\MSSP\\frontend\\build\\index.html'"}
{"level":"error","message":"Error: ENOENT: no such file or directory, stat 'E:\\MSSP\\frontend\\build\\index.html'"}
{"level":"info","message":"Server running on http://localhost:7000"}
{"level":"error","message":"Error: ENOENT: no such file or directory, stat 'E:\\MSSP\\frontend\\build\\index.html'"}
{"level":"error","message":"Error: ENOENT: no such file or directory, stat 'E:\\MSSP\\frontend\\build\\index.html'"}
{"level":"error","message":"Error: ENOENT: no such file or directory, stat 'E:\\MSSP\\frontend\\build\\index.html'"}
{"level":"error","message":"Error: ENOENT: no such file or directory, stat 'E:\\MSSP\\frontend\\build\\index.html'"}
{"level":"error","message":"Error: ENOENT: no such file or directory, stat 'E:\\MSSP\\frontend\\build\\index.html'"}
{"level":"info","message":"Server running on http://localhost:7000"}
{"level":"error","message":"Error: ENOENT: no such file or directory, stat 'E:\\MSSP\\frontend\\build\\index.html'"}
{"level":"error","message":"Error: ENOENT: no such file or directory, stat 'E:\\MSSP\\frontend\\build\\index.html'"}
{"level":"info","message":"Server running on http://localhost:7000"}
{"level":"error","message":"Error: ENOENT: no such file or directory, stat 'E:\\MSSP\\frontend\\build\\index.html'"}
{"level":"info","message":"Server running on http://localhost:7000"}
{"level":"error","message":"Error: ENOENT: no such file or directory, stat 'E:\\MSSP\\frontend\\build\\index.html'"}
{"level":"error","message":"Error: ENOENT: no such file or directory, stat 'E:\\MSSP\\frontend\\build\\index.html'"}
{"level":"info","message":"Server running on http://localhost:7000"}
{"level":"error","message":"Error: ENOENT: no such file or directory, stat 'E:\\MSSP\\frontend\\build\\index.html'"}
{"level":"error","message":"Error: ENOENT: no such file or directory, stat 'E:\\MSSP\\frontend\\build\\index.html'"}
{"level":"error","message":"Error: ENOENT: no such file or directory, stat 'E:\\MSSP\\frontend\\build\\index.html'"}
{"level":"info","message":"Server running on http://localhost:7000"}
{"level":"error","message":"Error: ENOENT: no such file or directory, stat 'E:\\MSSP\\frontend\\build\\index.html'"}
{"level":"error","message":"Error: ENOENT: no such file or directory, stat 'E:\\MSSP\\frontend\\build\\index.html'"}
{"level":"error","message":"Error: ENOENT: no such file or directory, stat 'E:\\MSSP\\frontend\\build\\index.html'"}
{"level":"info","message":"Server running on http://localhost:7000"}
{"level":"error","message":"Error: ENOENT: no such file or directory, stat 'E:\\MSSP\\frontend\\build\\index.html'"}
{"level":"error","message":"Error: ENOENT: no such file or directory, stat 'E:\\MSSP\\frontend\\build\\index.html'"}
{"level":"error","message":"Error: ENOENT: no such file or directory, stat 'E:\\MSSP\\frontend\\build\\index.html'"}
{"level":"error","message":"Error: ENOENT: no such file or directory, stat 'E:\\MSSP\\frontend\\build\\index.html'"}
{"level":"error","message":"Error: ENOENT: no such file or directory, stat 'E:\\MSSP\\frontend\\build\\index.html'"}
{"level":"error","message":"Error: ENOENT: no such file or directory, stat 'E:\\MSSP\\frontend\\build\\index.html'"}
{"level":"error","message":"Error: ENOENT: no such file or directory, stat 'E:\\MSSP\\frontend\\build\\index.html'"}
{"level":"error","message":"Error: ENOENT: no such file or directory, stat 'E:\\MSSP\\frontend\\build\\index.html'"}
{"level":"error","message":"Error: ENOENT: no such file or directory, stat 'E:\\MSSP\\frontend\\build\\index.html'"}
{"level":"error","message":"Error: ENOENT: no such file or directory, stat 'E:\\MSSP\\frontend\\build\\index.html'"}
{"level":"error","message":"Error: ENOENT: no such file or directory, stat 'E:\\MSSP\\frontend\\build\\index.html'"}
{"level":"error","message":"Error: ENOENT: no such file or directory, stat 'E:\\MSSP\\frontend\\build\\index.html'"}
{"level":"error","message":"Error: ENOENT: no such file or directory, stat 'E:\\MSSP\\frontend\\build\\index.html'"}
{"level":"info","message":"Server running on http://localhost:7000"}
{"level":"error","message":"Error: ENOENT: no such file or directory, stat 'E:\\MSSP\\frontend\\build\\index.html'"}
{"level":"error","message":"Error: ENOENT: no such file or directory, stat 'E:\\MSSP\\frontend\\build\\index.html'"}
{"level":"error","message":"Error: ENOENT: no such file or directory, stat 'E:\\MSSP\\frontend\\build\\index.html'"}
{"level":"error","message":"Error: ENOENT: no such file or directory, stat 'E:\\MSSP\\frontend\\build\\index.html'"}
{"level":"error","message":"Error: ENOENT: no such file or directory, stat 'E:\\MSSP\\frontend\\build\\index.html'"}
{"level":"error","message":"Error: ENOENT: no such file or directory, stat 'E:\\MSSP\\frontend\\build\\index.html'"}
{"level":"error","message":"Error: ENOENT: no such file or directory, stat 'E:\\MSSP\\frontend\\build\\index.html'"}
{"level":"error","message":"Error: ENOENT: no such file or directory, stat 'E:\\MSSP\\frontend\\build\\index.html'"}
{"level":"error","message":"Error: ENOENT: no such file or directory, stat 'E:\\MSSP\\frontend\\build\\index.html'"}
{"level":"error","message":"Error: ENOENT: no such file or directory, stat 'E:\\MSSP\\frontend\\build\\index.html'"}
{"level":"error","message":"Error: ENOENT: no such file or directory, stat 'E:\\MSSP\\frontend\\build\\index.html'"}
{"level":"error","message":"Error: ENOENT: no such file or directory, stat 'E:\\MSSP\\frontend\\build\\index.html'"}
{"level":"info","message":"Server running on http://localhost:7000"}
{"level":"error","message":"Error: ENOENT: no such file or directory, stat 'E:\\MSSP\\frontend\\build\\index.html'"}
{"level":"info","message":"Server running on http://localhost:7000"}
{"level":"error","message":"Error: ENOENT: no such file or directory, stat 'E:\\MSSP\\frontend\\build\\index.html'"}
{"level":"info","message":"Server running on http://localhost:7000"}
{"level":"error","message":"Error: ENOENT: no such file or directory, stat 'E:\\MSSP\\frontend\\build\\index.html'"}
{"level":"error","message":"Error: ENOENT: no such file or directory, stat 'E:\\MSSP\\frontend\\build\\index.html'"}
{"level":"error","message":"Error: ENOENT: no such file or directory, stat 'E:\\MSSP\\frontend\\build\\index.html'"}
{"level":"info","message":"Server running on http://localhost:7000"}
{"level":"error","message":"Error: ENOENT: no such file or directory, stat 'E:\\MSSP\\frontend\\build\\index.html'"}
{"level":"error","message":"Error: ENOENT: no such file or directory, stat 'E:\\MSSP\\frontend\\build\\index.html'"}
{"level":"error","message":"Error: ENOENT: no such file or directory, stat 'E:\\MSSP\\frontend\\build\\index.html'"}
{"level":"error","message":"Error: ENOENT: no such file or directory, stat 'E:\\MSSP\\frontend\\build\\index.html'"}
{"level":"error","message":"Error: ENOENT: no such file or directory, stat 'E:\\MSSP\\frontend\\build\\index.html'"}
{"level":"info","message":"Server running on http://localhost:7000"}
{"level":"info","message":"Server running on http://localhost:7000"}
{"level":"error","message":"Error: ENOENT: no such file or directory, stat 'E:\\MSSP\\frontend\\build\\index.html'"}
{"level":"error","message":"Error: ENOENT: no such file or directory, stat 'E:\\MSSP\\frontend\\build\\index.html'"}
{"level":"error","message":"Error: ENOENT: no such file or directory, stat 'E:\\MSSP\\frontend\\build\\index.html'"}
{"level":"error","message":"Error: ENOENT: no such file or directory, stat 'E:\\MSSP\\frontend\\build\\index.html'"}
{"level":"error","message":"Error: ENOENT: no such file or directory, stat 'E:\\MSSP\\frontend\\build\\index.html'"}
{"level":"error","message":"Error: ENOENT: no such file or directory, stat 'E:\\MSSP\\frontend\\build\\index.html'"}
{"level":"error","message":"Error: ENOENT: no such file or directory, stat 'E:\\MSSP\\frontend\\build\\index.html'"}
{"level":"error","message":"Error: ENOENT: no such file or directory, stat 'E:\\MSSP\\frontend\\build\\index.html'"}
{"level":"error","message":"Error: ENOENT: no such file or directory, stat 'E:\\MSSP\\frontend\\build\\index.html'"}
{"level":"info","message":"Server running on http://localhost:7000"}
{"level":"error","message":"Error: ENOENT: no such file or directory, stat 'E:\\MSSP\\frontend\\build\\index.html'"}
{"level":"error","message":"Error: ENOENT: no such file or directory, stat 'E:\\MSSP\\frontend\\build\\index.html'"}
{"level":"error","message":"Error: ENOENT: no such file or directory, stat 'E:\\MSSP\\frontend\\build\\index.html'"}
{"level":"info","message":"Server running on http://localhost:7000"}
{"level":"error","message":"Error: ENOENT: no such file or directory, stat 'E:\\MSSP\\frontend\\build\\index.html'"}
{"level":"error","message":"Error: ENOENT: no such file or directory, stat 'E:\\MSSP\\frontend\\build\\index.html'"}
{"level":"error","message":"Error: ENOENT: no such file or directory, stat 'E:\\MSSP\\frontend\\build\\index.html'"}
{"level":"error","message":"Error: ENOENT: no such file or directory, stat 'E:\\MSSP\\frontend\\build\\index.html'"}
{"level":"error","message":"Error: ENOENT: no such file or directory, stat 'E:\\MSSP\\frontend\\build\\index.html'"}
{"level":"error","message":"Error: ENOENT: no such file or directory, stat 'E:\\MSSP\\frontend\\build\\index.html'"}
{"level":"error","message":"Error: ENOENT: no such file or directory, stat 'E:\\MSSP\\frontend\\build\\index.html'"}
{"level":"error","message":"Error: ENOENT: no such file or directory, stat 'E:\\MSSP\\frontend\\build\\index.html'"}
{"level":"error","message":"Error: ENOENT: no such file or directory, stat 'E:\\MSSP\\frontend\\build\\index.html'"}
{"level":"error","message":"Error: ENOENT: no such file or directory, stat 'E:\\MSSP\\frontend\\build\\index.html'"}
{"level":"error","message":"Error: ENOENT: no such file or directory, stat 'E:\\MSSP\\frontend\\build\\index.html'"}
{"level":"error","message":"Error: ENOENT: no such file or directory, stat 'E:\\MSSP\\frontend\\build\\index.html'"}
{"level":"error","message":"Error: ENOENT: no such file or directory, stat 'E:\\MSSP\\frontend\\build\\index.html'"}
{"level":"error","message":"Error: ENOENT: no such file or directory, stat 'E:\\MSSP\\frontend\\build\\index.html'"}
{"level":"error","message":"Error: ENOENT: no such file or directory, stat 'E:\\MSSP\\frontend\\build\\index.html'"}
{"level":"error","message":"Error: ENOENT: no such file or directory, stat 'E:\\MSSP\\frontend\\build\\index.html'"}
{"level":"error","message":"Error: ENOENT: no such file or directory, stat 'E:\\MSSP\\frontend\\build\\index.html'"}
{"level":"info","message":"Server running on http://localhost:7000"}
{"level":"error","message":"Error: ENOENT: no such file or directory, stat 'E:\\MSSP\\frontend\\build\\index.html'"}
{"level":"error","message":"Error: ENOENT: no such file or directory, stat 'E:\\MSSP\\frontend\\build\\index.html'"}
{"level":"error","message":"Error: ENOENT: no such file or directory, stat 'E:\\MSSP\\frontend\\build\\index.html'"}
{"level":"error","message":"Error: ENOENT: no such file or directory, stat 'E:\\MSSP\\frontend\\build\\index.html'"}
{"level":"error","message":"Error: ENOENT: no such file or directory, stat 'E:\\MSSP\\frontend\\build\\index.html'"}
{"level":"error","message":"Error: ENOENT: no such file or directory, stat 'E:\\MSSP\\frontend\\build\\index.html'"}
{"level":"error","message":"Error: ENOENT: no such file or directory, stat 'E:\\MSSP\\frontend\\build\\index.html'"}
{"level":"info","message":"Server running on http://localhost:7000"}
{"level":"info","message":"Server running on http://localhost:7000"}
{"level":"info","message":"Server running on http://localhost:7000"}
{"level":"info","message":"Server running on http://localhost:7000"}
{"level":"info","message":"Server running on http://0.0.0.0:7000"}
{"level":"info","message":"Server running on http://0.0.0.0:7000"}
{"level":"info","message":"Server running on http://0.0.0.0:7000"}
{"level":"info","message":"Server running on http://0.0.0.0:7000"}
{"level":"info","message":"Server running on http://0.0.0.0:7000"}
{"level":"info","message":"Server running on http://0.0.0.0:7000"}
{"level":"info","message":"Server running on http://0.0.0.0:7000"}
{"level":"info","message":"Server running on http://0.0.0.0:7000"}
{"level":"info","message":"Server running on http://0.0.0.0:7000"}
{"level":"info","message":"Server running on http://0.0.0.0:7000"}
{"level":"info","message":"Server running on http://0.0.0.0:7000"}
{"level":"info","message":"Server running on http://0.0.0.0:7000"}
{"level":"info","message":"Server running on http://0.0.0.0:7000"}
{"level":"info","message":"Server running on http://0.0.0.0:7000"}
{"level":"info","message":"Server running on http://0.0.0.0:7000"}
{"level":"info","message":"Server running on http://0.0.0.0:7000"}
{"level":"info","message":"Server running on http://0.0.0.0:7000"}
{"level":"info","message":"Server running on http://0.0.0.0:7000"}
{"level":"info","message":"Server running on http://0.0.0.0:7000"}
{"level":"info","message":"Server running on http://0.0.0.0:7000"}
{"level":"info","message":"Server running on http://0.0.0.0:7000"}
{"level":"info","message":"Server running on http://0.0.0.0:7000"}
{"level":"info","message":"Server running on http://0.0.0.0:7000"}
{"level":"info","message":"Server running on http://0.0.0.0:7000"}
{"level":"info","message":"Server running on http://0.0.0.0:7000"}
{"level":"info","message":"Server running on http://192.168.1.189:7000"}
{"level":"info","message":"Server running on http://192.168.1.189:7000"}
{"level":"info","message":"Server running on http://192.168.1.189:7000"}
{"level":"info","message":"Server running on http://0.0.0.0:7000"}
{"level":"info","message":"Server running on http://192.168.1.189:7000"}
{"level":"info","message":"Server running on http://192.168.1.189:7000"}
{"level":"info","message":"Server running on http://192.168.1.189:7000"}
{"level":"info","message":"Server running on http://192.168.1.189:7000"}
{"level":"info","message":"Server running on http://192.168.1.189:7000"}
{"level":"info","message":"Server running on http://192.168.1.189:7000"}
{"level":"info","message":"Server running on http://192.168.1.189:7000"}
{"level":"info","message":"Server running on http://192.168.1.189:7000"}
{"level":"info","message":"Server running on http://192.168.1.189:7000"}
{"level":"info","message":"Server running on http://192.168.1.189:7000"}
{"level":"info","message":"Server running on http://192.168.1.189:7000"}
{"level":"info","message":"Server running on http://192.168.1.189:7000"}
{"level":"info","message":"Server running on https://192.168.1.189:7000"}
{"level":"info","message":"Server running on https://192.168.1.189:7000"}
{"level":"info","message":"Server running on https://192.168.1.189:7000"}
{"level":"info","message":"Server running on https://192.168.1.189:7000"}
{"level":"info","message":"Server running on https://192.168.1.189:7000"}
{"level":"info","message":"Server running on https://192.168.1.189:7000"}
{"level":"info","message":"Server running on https://192.168.1.189:7000"}
{"level":"info","message":"Server running on https://192.168.1.189:7000"}
{"level":"info","message":"Server running on https://192.168.1.189:7000"}
{"level":"info","message":"Server running on https://192.168.1.189:7000"}
{"level":"info","message":"Server running on https://192.168.1.189:7000"}
{"level":"info","message":"Server running on https://192.168.1.189:7000"}
{"level":"info","message":"Server running on https://192.168.1.189:7000"}
{"level":"info","message":"Server running on https://192.168.1.189:7000"}
{"level":"info","message":"Server running on https://192.168.1.189:7000"}
{"level":"info","message":"Server running on https://192.168.1.189:7000"}
{"level":"info","message":"Server running on https://192.168.1.189:7000"}
{"level":"info","message":"Server running on https://192.168.1.189:7000"}
{"level":"error","message":"Error: ENOENT: no such file or directory, stat '/home/mdm/Cybersentinel_MSSP/frontend/build/index.html'"}
{"level":"error","message":"Error: ENOENT: no such file or directory, stat '/home/mdm/Cybersentinel_MSSP/frontend/build/index.html'"}
{"level":"error","message":"Error: ENOENT: no such file or directory, stat '/home/mdm/Cybersentinel_MSSP/frontend/build/index.html'"}
{"level":"error","message":"Error: ENOENT: no such file or directory, stat '/home/mdm/Cybersentinel_MSSP/frontend/build/index.html'"}
{"level":"error","message":"Error: ENOENT: no such file or directory, stat '/home/mdm/Cybersentinel_MSSP/frontend/build/index.html'"}
{"level":"error","message":"Error: ENOENT: no such file or directory, stat '/home/mdm/Cybersentinel_MSSP/frontend/build/index.html'"}
{"level":"info","message":"Server running on https://192.168.1.189:7000"}
{"level":"error","message":"Error: ENOENT: no such file or directory, stat '/home/mdm/Cybersentinel_MSSP/frontend/build/index.html'"}
{"level":"error","message":"Error: ENOENT: no such file or directory, stat '/home/mdm/Cybersentinel_MSSP/frontend/build/index.html'"}
{"level":"error","message":"Error: ENOENT: no such file or directory, stat '/home/mdm/Cybersentinel_MSSP/frontend/build/index.html'"}
